[2015-11-14 19:08:31] START
[2015-11-14 19:22:38] EDIT CalenZone/models/db.py: 10
[2015-11-14 19:23:47] EDIT CalenZone/models/db.py: 0
[2015-11-14 19:23:54] EDIT CalenZone/models/db.py: 0
[2015-11-14 19:25:39] EDIT CalenZone/models/db.py: 4
[2015-11-14 19:25:52] EDIT CalenZone/models/db.py: 0
[2015-11-14 19:26:04] EDIT CalenZone/models/db.py: 0
[2015-11-14 19:26:06] EDIT CalenZone/models/db.py: 0
[2015-11-14 19:26:26] EDIT CalenZone/models/db.py: 0
[2015-11-14 19:26:48] EDIT CalenZone/models/db.py: 0
[2015-11-14 20:56:31] EDIT CalenZone/models/db.py: 0
[2015-11-14 22:28:15] EDIT CalenZone/models/db.py: 0
[2015-11-14 22:29:52] EDIT CalenZone/models/db.py: 1
[2015-11-14 22:29:55] EDIT CalenZone/models/db.py: 0
[2015-11-14 22:29:57] EDIT CalenZone/models/db.py: 0
[2015-11-14 22:30:02] EDIT CalenZone/models/db.py: 0
[2015-11-14 22:30:04] EDIT CalenZone/models/db.py: 0
[2015-11-14 22:30:29] EDIT CalenZone/models/db.py: 0
[2015-11-14 22:31:10] EDIT CalenZone/models/db.py: 1
[2015-11-14 22:31:17] EDIT CalenZone/models/db.py: 0
[2015-11-14 22:32:50] EDIT CalenZone/models/db.py: 1
[2015-11-14 22:42:38] CREATE default/profile.html: 0
[2015-11-14 22:43:23] EDIT CalenZone/models/db.py: 0
[2015-11-14 23:11:32] EDIT CalenZone/controllers/default.py: 0
[2015-11-14 23:14:17] EDIT CalenZone/views/default/user.html: 1
[2015-11-14 23:14:28] EDIT CalenZone/views/default/user.html: -1
[2015-11-14 23:25:46] EDIT CalenZone/controllers/default.py: 2
[2015-11-14 23:26:18] EDIT CalenZone/views/default/profile.html: 0
[2015-11-14 23:29:10] EDIT CalenZone/models/db.py: 0
[2015-11-14 23:29:37] EDIT CalenZone/models/db.py: 0
[2015-11-14 23:49:53] EDIT CalenZone/controllers/default.py: 3
[2015-11-14 23:50:31] EDIT CalenZone/controllers/default.py: 1
[2015-11-14 23:56:20] EDIT CalenZone/controllers/default.py: 1
[2015-11-14 23:57:37] EDIT CalenZone/controllers/default.py: 1
[2015-11-14 23:57:59] EDIT CalenZone/controllers/default.py: 0
[2015-11-14 23:58:03] EDIT CalenZone/controllers/default.py: 0
[2015-11-14 23:58:31] EDIT CalenZone/controllers/default.py: 0
[2015-11-15 00:10:06] EDIT CalenZone/controllers/default.py: 0
[2015-11-15 00:10:10] EDIT CalenZone/controllers/default.py: 0
[2015-11-15 00:10:40] EDIT CalenZone/controllers/default.py: 0
[2015-11-15 00:10:58] EDIT CalenZone/controllers/default.py: 0
[2015-11-15 00:11:20] EDIT CalenZone/controllers/default.py: 0
[2015-11-15 00:11:23] EDIT CalenZone/controllers/default.py: 0
[2015-11-15 00:23:32] EDIT CalenZone/controllers/default.py: -1
[2015-11-15 00:24:05] EDIT CalenZone/controllers/default.py: 0
[2015-11-15 00:24:25] EDIT CalenZone/controllers/default.py: 0
[2015-11-15 00:25:18] EDIT CalenZone/controllers/default.py: 0
[2015-11-15 00:25:20] EDIT CalenZone/controllers/default.py: 0
[2015-11-15 00:26:18] EDIT CalenZone/controllers/default.py: 2
[2015-11-15 00:31:16] EDIT CalenZone/controllers/default.py: 0
