timestamp: 2015-11-15T16:54:19.533627
CREATE TABLE auth_user(
    id INTEGER PRIMARY KEY AUTOINCREMENT,
    first_name CHAR(128),
    last_name CHAR(128),
    email CHAR(512),
    password CHAR(512),
    registration_key CHAR(512),
    reset_password_key CHAR(512),
    registration_id CHAR(512)
);
success!
timestamp: 2015-11-15T16:54:19.678485
CREATE TABLE auth_group(
    id INTEGER PRIMARY KEY AUTOINCREMENT,
    role CHAR(512),
    description TEXT
);
success!
timestamp: 2015-11-15T16:54:19.795184
CREATE TABLE auth_membership(
    id INTEGER PRIMARY KEY AUTOINCREMENT,
    user_id INTEGER REFERENCES auth_user (id) ON DELETE CASCADE  ,
    group_id INTEGER REFERENCES auth_group (id) ON DELETE CASCADE  
);
success!
timestamp: 2015-11-15T16:54:19.928632
CREATE TABLE auth_permission(
    id INTEGER PRIMARY KEY AUTOINCREMENT,
    group_id INTEGER REFERENCES auth_group (id) ON DELETE CASCADE  ,
    name CHAR(512),
    table_name CHAR(512),
    record_id INTEGER
);
success!
timestamp: 2015-11-15T16:54:20.045451
CREATE TABLE auth_event(
    id INTEGER PRIMARY KEY AUTOINCREMENT,
    time_stamp TIMESTAMP,
    client_ip CHAR(512),
    user_id INTEGER REFERENCES auth_user (id) ON DELETE CASCADE  ,
    origin CHAR(512),
    description TEXT
);
success!
timestamp: 2015-11-15T16:54:20.162070
CREATE TABLE auth_cas(
    id INTEGER PRIMARY KEY AUTOINCREMENT,
    user_id INTEGER REFERENCES auth_user (id) ON DELETE CASCADE  ,
    created_on TIMESTAMP,
    service CHAR(512),
    ticket CHAR(512),
    renew CHAR(1)
);
success!
timestamp: 2015-11-15T16:54:20.295190
CREATE TABLE tag(
    id INTEGER PRIMARY KEY AUTOINCREMENT,
    tagName CHAR(512) UNIQUE
);
success!
timestamp: 2015-11-15T16:54:20.445532
CREATE TABLE events(
    id INTEGER PRIMARY KEY AUTOINCREMENT,
    eventName CHAR(512),
    startAt TIMESTAMP,
    endAt TIMESTAMP,
    venue CHAR(512),
    contact CHAR(512),
    description TEXT,
    link CHAR(512),
    ownerOfEvent INTEGER REFERENCES auth_user (id) ON DELETE CASCADE  ,
    typeOfEvent CHAR(512)
);
success!
timestamp: 2015-11-15T16:54:20.662016
CREATE TABLE userTag(
    id INTEGER PRIMARY KEY AUTOINCREMENT,
    auth_user INTEGER REFERENCES auth_user (id) ON DELETE CASCADE  ,
    tag INTEGER REFERENCES tag (id) ON DELETE CASCADE  
);
success!
timestamp: 2015-11-15T16:54:20.786909
CREATE TABLE eventTag(
    id INTEGER PRIMARY KEY AUTOINCREMENT,
    tag INTEGER REFERENCES tag (id) ON DELETE CASCADE  ,
    events INTEGER REFERENCES events (id) ON DELETE CASCADE  
);
success!
